2025-04-24 17:10:22,947 - INFO - Reading input CSV: ../mssa_diss_blank_mfhd__202504241239.csv
2025-04-24 17:10:22,982 - INFO - Read 11566 records.
2025-04-24 17:10:22,982 - INFO - 
--- Analyzing Column: 'PUBLISHER' ---
2025-04-24 17:10:22,986 - INFO - Total Records: 11566
2025-04-24 17:10:22,987 - INFO - Blank Values: 5496 (47.52%)
2025-04-24 17:10:22,987 - INFO - Non-Blank Values: 6070
2025-04-24 17:10:22,993 - INFO - Unique Non-Blank Values: 12
2025-04-24 17:10:22,995 - INFO - All 12 Unique Non-Blank Values and Counts:
2025-04-24 17:10:22,995 - INFO -   - 'Yale University,': 5901 (97.22%)
2025-04-24 17:10:22,996 - INFO -   - '[publisher not identified],': 137 (2.26%)
2025-04-24 17:10:22,996 - INFO -   - 's.n.],': 9 (0.15%)
2025-04-24 17:10:22,996 - INFO -   - '[Yale University],': 9 (0.15%)
2025-04-24 17:10:22,996 - INFO -   - 'Yale University ,': 6 (0.10%)
2025-04-24 17:10:22,997 - INFO -   - 'Yale University Press,': 2 (0.03%)
2025-04-24 17:10:22,997 - INFO -   - 'Concilium on International and Area Studies,': 1 (0.02%)
2025-04-24 17:10:22,997 - INFO -   - 'Flammarion,': 1 (0.02%)
2025-04-24 17:10:22,997 - INFO -   - 'The author?],': 1 (0.02%)
2025-04-24 17:10:22,997 - INFO -   - 'Yale University],': 1 (0.02%)
2025-04-24 17:10:22,998 - INFO -   - '[Weimar, Printed by R. Wagner Sohn]': 1 (0.02%)
2025-04-24 17:10:22,998 - INFO -   - 'Susan Elizabeth, Cook,': 1 (0.02%)
2025-04-24 17:10:22,998 - INFO - --- End Analysis for 'PUBLISHER' ---
2025-04-24 17:10:22,998 - INFO - 
--- Analyzing Column: 'PUB_PLACE' ---
2025-04-24 17:10:23,002 - INFO - Total Records: 11566
2025-04-24 17:10:23,002 - INFO - Blank Values: 5431 (46.96%)
2025-04-24 17:10:23,003 - INFO - Non-Blank Values: 6135
2025-04-24 17:10:23,011 - INFO - Unique Non-Blank Values: 49
2025-04-24 17:10:23,013 - INFO - All 49 Unique Non-Blank Values and Counts:
2025-04-24 17:10:23,013 - INFO -   - '[New Haven, Connecticut] :': 5472 (89.19%)
2025-04-24 17:10:23,014 - INFO -   - 'New Haven, Connecticut :': 441 (7.19%)
2025-04-24 17:10:23,014 - INFO -   - '[Place of publication not identified] :': 137 (2.23%)
2025-04-24 17:10:23,014 - INFO -   - '[New Haven, Conn. :': 8 (0.13%)
2025-04-24 17:10:23,014 - INFO -   - '1998.': 7 (0.11%)
2025-04-24 17:10:23,015 - INFO -   - '1906.': 5 (0.08%)
2025-04-24 17:10:23,015 - INFO -   - '[New Haven] CT,': 4 (0.07%)
2025-04-24 17:10:23,015 - INFO -   - 'c2003.': 3 (0.05%)
2025-04-24 17:10:23,015 - INFO -   - 'c2004.': 3 (0.05%)
2025-04-24 17:10:23,015 - INFO -   - '1908.': 3 (0.05%)
2025-04-24 17:10:23,016 - INFO -   - '1997.': 3 (0.05%)
2025-04-24 17:10:23,016 - INFO -   - 'cc1998.': 2 (0.03%)
2025-04-24 17:10:23,016 - INFO -   - 'New Haven :': 2 (0.03%)
2025-04-24 17:10:23,016 - INFO -   - '1898.': 2 (0.03%)
2025-04-24 17:10:23,017 - INFO -   - 'c1997.': 2 (0.03%)
2025-04-24 17:10:23,017 - INFO -   - '[2002]': 2 (0.03%)
2025-04-24 17:10:23,017 - INFO -   - '[2004], c2003.': 2 (0.03%)
2025-04-24 17:10:23,018 - INFO -   - 'cc1997.': 2 (0.03%)
2025-04-24 17:10:23,018 - INFO -   - '1963.': 2 (0.03%)
2025-04-24 17:10:23,018 - INFO -   - '1909.': 2 (0.03%)
2025-04-24 17:10:23,019 - INFO -   - '1940.': 2 (0.03%)
2025-04-24 17:10:23,019 - INFO -   - '1905.': 2 (0.03%)
2025-04-24 17:10:23,020 - INFO -   - '[New Haven], Conn.,': 1 (0.02%)
2025-04-24 17:10:23,020 - INFO -   - '[2003]': 1 (0.02%)
2025-04-24 17:10:23,021 - INFO -   - 'Paris ; New York :': 1 (0.02%)
2025-04-24 17:10:23,021 - INFO -   - '1999.': 1 (0.02%)
2025-04-24 17:10:23,022 - INFO -   - '1950.': 1 (0.02%)
2025-04-24 17:10:23,022 - INFO -   - '2003.': 1 (0.02%)
2025-04-24 17:10:23,023 - INFO -   - 'New Haven, Conn. :': 1 (0.02%)
2025-04-24 17:10:23,023 - INFO -   - 'New Haven, CT': 1 (0.02%)
2025-04-24 17:10:23,023 - INFO -   - '[Connecticut? :': 1 (0.02%)
2025-04-24 17:10:23,024 - INFO -   - 'New Haven, CT:': 1 (0.02%)
2025-04-24 17:10:23,024 - INFO -   - '1897.': 1 (0.02%)
2025-04-24 17:10:23,025 - INFO -   - '[S.l. :': 1 (0.02%)
2025-04-24 17:10:23,025 - INFO -   - '[New Haven, CT. :': 1 (0.02%)
2025-04-24 17:10:23,026 - INFO -   - '1899-': 1 (0.02%)
2025-04-24 17:10:23,026 - INFO -   - 'c1899.': 1 (0.02%)
2025-04-24 17:10:23,027 - INFO -   - 'New Haven, CT,': 1 (0.02%)
2025-04-24 17:10:23,027 - INFO -   - '[2004]': 1 (0.02%)
2025-04-24 17:10:23,028 - INFO -   - 'c1998.': 1 (0.02%)
2025-04-24 17:10:23,028 - INFO -   - '[New Haven] Conn.,': 1 (0.02%)
2025-04-24 17:10:23,029 - INFO -   - '[1999]': 1 (0.02%)
2025-04-24 17:10:23,030 - INFO -   - 'c2012.': 1 (0.02%)
2025-04-24 17:10:23,031 - INFO -   - 'New Haven': 1 (0.02%)
2025-04-24 17:10:23,031 - INFO -   - '1900.': 1 (0.02%)
2025-04-24 17:10:23,032 - INFO -   - '1901.': 1 (0.02%)
2025-04-24 17:10:23,032 - INFO -   - 'South Africa :': 1 (0.02%)
2025-04-24 17:10:23,033 - INFO -   - 'c2009.': 1 (0.02%)
2025-04-24 17:10:23,033 - INFO -   - '2001.': 1 (0.02%)
2025-04-24 17:10:23,034 - INFO - --- End Analysis for 'PUB_PLACE' ---
2025-04-24 17:10:23,034 - INFO - 
--- Analysis Complete ---
